<?xml version="1.0" encoding="UTF-8"?>
<testsuite xmlns:xsi="http://www.w3.org/2001/XMLSchema-instance" xsi:noNamespaceSchemaLocation="https://maven.apache.org/surefire/maven-surefire-plugin/xsd/surefire-test-report.xsd" name="repositoryTests.UserRepositoryTest" time="0.025" tests="9" errors="0" skipped="0" failures="0">
  <properties>
    <property name="sun.desktop" value="windows"/>
    <property name="awt.toolkit" value="sun.awt.windows.WToolkit"/>
    <property name="file.encoding.pkg" value="sun.io"/>
    <property name="java.specification.version" value="1.8"/>
    <property name="sun.cpu.isalist" value="pentium_pro+mmx pentium_pro pentium+mmx pentium i486 i386 i86"/>
    <property name="sun.jnu.encoding" value="Cp1252"/>
    <property name="java.class.path" value="c:\Users\joshr\repos\22075_Java_Enterprise\Josh_Reiten\Project\Project1\target\test-classes;c:\Users\joshr\repos\22075_Java_Enterprise\Josh_Reiten\Project\Project1\target\classes;C:\Users\joshr\.m2\repository\javax\servlet\javax.servlet-api\3.1.0\javax.servlet-api-3.1.0.jar;C:\Users\joshr\.m2\repository\junit\junit\4.11\junit-4.11.jar;C:\Users\joshr\.m2\repository\org\hamcrest\hamcrest-core\1.3\hamcrest-core-1.3.jar;C:\Users\joshr\.m2\repository\org\postgresql\postgresql\42.4.0\postgresql-42.4.0.jar;C:\Users\joshr\.m2\repository\org\checkerframework\checker-qual\3.5.0\checker-qual-3.5.0.jar;C:\Users\joshr\.m2\repository\org\mockito\mockito-all\1.10.19\mockito-all-1.10.19.jar;C:\Users\joshr\.m2\repository\org\apache\logging\log4j\log4j-api\2.18.0\log4j-api-2.18.0.jar;C:\Users\joshr\.m2\repository\org\apache\logging\log4j\log4j-core\2.18.0\log4j-core-2.18.0.jar;C:\Users\joshr\.m2\repository\com\h2database\h2\1.4.200\h2-1.4.200.jar;"/>
    <property name="java.vm.vendor" value="Oracle Corporation"/>
    <property name="sun.arch.data.model" value="32"/>
    <property name="user.variant" value=""/>
    <property name="java.vendor.url" value="http://java.oracle.com/"/>
    <property name="user.timezone" value="America/Chicago"/>
    <property name="java.vm.specification.version" value="1.8"/>
    <property name="os.name" value="Windows 10"/>
    <property name="user.country" value="US"/>
    <property name="sun.java.launcher" value="SUN_STANDARD"/>
    <property name="sun.boot.library.path" value="C:\Program Files (x86)\Java\jdk1.8.0_333\jre\bin"/>
    <property name="sun.java.command" value="C:\Users\joshr\AppData\Local\Temp\surefire839426619120070425\surefirebooter7385102695768267646.jar C:\Users\joshr\AppData\Local\Temp\surefire839426619120070425 2022-07-31T22-36-11_635-jvmRun1 surefire4790752300791624054tmp surefire_03626228712088846755tmp"/>
    <property name="surefire.test.class.path" value="c:\Users\joshr\repos\22075_Java_Enterprise\Josh_Reiten\Project\Project1\target\test-classes;c:\Users\joshr\repos\22075_Java_Enterprise\Josh_Reiten\Project\Project1\target\classes;C:\Users\joshr\.m2\repository\javax\servlet\javax.servlet-api\3.1.0\javax.servlet-api-3.1.0.jar;C:\Users\joshr\.m2\repository\junit\junit\4.11\junit-4.11.jar;C:\Users\joshr\.m2\repository\org\hamcrest\hamcrest-core\1.3\hamcrest-core-1.3.jar;C:\Users\joshr\.m2\repository\org\postgresql\postgresql\42.4.0\postgresql-42.4.0.jar;C:\Users\joshr\.m2\repository\org\checkerframework\checker-qual\3.5.0\checker-qual-3.5.0.jar;C:\Users\joshr\.m2\repository\org\mockito\mockito-all\1.10.19\mockito-all-1.10.19.jar;C:\Users\joshr\.m2\repository\org\apache\logging\log4j\log4j-api\2.18.0\log4j-api-2.18.0.jar;C:\Users\joshr\.m2\repository\org\apache\logging\log4j\log4j-core\2.18.0\log4j-core-2.18.0.jar;C:\Users\joshr\.m2\repository\com\h2database\h2\1.4.200\h2-1.4.200.jar;"/>
    <property name="sun.cpu.endian" value="little"/>
    <property name="user.home" value="C:\Users\joshr"/>
    <property name="user.language" value="en"/>
    <property name="java.specification.vendor" value="Oracle Corporation"/>
    <property name="java.home" value="C:\Program Files (x86)\Java\jdk1.8.0_333\jre"/>
    <property name="basedir" value="c:\Users\joshr\repos\22075_Java_Enterprise\Josh_Reiten\Project\Project1"/>
    <property name="file.separator" value="\"/>
    <property name="line.separator" value="&#10;"/>
    <property name="java.vm.specification.vendor" value="Oracle Corporation"/>
    <property name="java.specification.name" value="Java Platform API Specification"/>
    <property name="java.awt.graphicsenv" value="sun.awt.Win32GraphicsEnvironment"/>
    <property name="surefire.real.class.path" value="C:\Users\joshr\AppData\Local\Temp\surefire839426619120070425\surefirebooter7385102695768267646.jar"/>
    <property name="sun.boot.class.path" value="C:\Program Files (x86)\Java\jdk1.8.0_333\jre\lib\resources.jar;C:\Program Files (x86)\Java\jdk1.8.0_333\jre\lib\rt.jar;C:\Program Files (x86)\Java\jdk1.8.0_333\jre\lib\sunrsasign.jar;C:\Program Files (x86)\Java\jdk1.8.0_333\jre\lib\jsse.jar;C:\Program Files (x86)\Java\jdk1.8.0_333\jre\lib\jce.jar;C:\Program Files (x86)\Java\jdk1.8.0_333\jre\lib\charsets.jar;C:\Program Files (x86)\Java\jdk1.8.0_333\jre\lib\jfr.jar;C:\Program Files (x86)\Java\jdk1.8.0_333\jre\classes"/>
    <property name="user.script" value=""/>
    <property name="sun.management.compiler" value="HotSpot Client Compiler"/>
    <property name="java.runtime.version" value="1.8.0_333-b02"/>
    <property name="user.name" value="joshr"/>
    <property name="path.separator" value=";"/>
    <property name="os.version" value="10.0"/>
    <property name="java.endorsed.dirs" value="C:\Program Files (x86)\Java\jdk1.8.0_333\jre\lib\endorsed"/>
    <property name="java.runtime.name" value="Java(TM) SE Runtime Environment"/>
    <property name="file.encoding" value="Cp1252"/>
    <property name="java.vm.name" value="Java HotSpot(TM) Client VM"/>
    <property name="localRepository" value="C:\Users\joshr\.m2\repository"/>
    <property name="java.vendor.url.bug" value="http://bugreport.sun.com/bugreport/"/>
    <property name="java.io.tmpdir" value="C:\Users\joshr\AppData\Local\Temp\"/>
    <property name="java.version" value="1.8.0_333"/>
    <property name="user.dir" value="c:\Users\joshr\repos\22075_Java_Enterprise\Josh_Reiten\Project\Project1"/>
    <property name="os.arch" value="x86"/>
    <property name="java.vm.specification.name" value="Java Virtual Machine Specification"/>
    <property name="java.awt.printerjob" value="sun.awt.windows.WPrinterJob"/>
    <property name="sun.os.patch.level" value=""/>
    <property name="java.library.path" value="C:\Program Files (x86)\Java\jdk1.8.0_333\jre\bin;C:\Windows\Sun\Java\bin;C:\Windows\system32;C:\Windows;C:\Python310\Scripts\;C:\Python310\;C:\Program Files (x86)\Common Files\Oracle\Java\javapath;C:\Windows\system32;C:\Windows;C:\Windows\System32\Wbem;C:\Windows\System32\WindowsPowerShell\v1.0\;C:\Windows\System32\OpenSSH\;C:\Program Files (x86)\NVIDIA Corporation\PhysX\Common;C:\Program Files\NVIDIA Corporation\NVIDIA NvDLISR;C:\Program Files\Microsoft VS Code\bin;C:\Program Files\nodejs\;C:\ProgramData\chocolatey\bin;C:\Program Files\Git\cmd;C:\Program Files\Docker\Docker\resources\bin;C:\ProgramData\DockerDesktop\version-bin;C:\Users\joshr\AppData\Local\Programs\Python\Python39\Scripts\;C:\Users\joshr\AppData\Local\Programs\Python\Python39\;C:\Users\joshr\AppData\Local\Microsoft\WindowsApps;C:\Users\joshr\AppData\Roaming\npm;C:\Program Files (x86)\Brackets\;C:\Program Files\JetBrains\IntelliJ IDEA Community Edition 2022.1.3\bin;;C:\Program Files\apache-maven-3.8.6\bin;;C:\Program Files\JetBrains\IntelliJ IDEA 2022.1.4\bin;;."/>
    <property name="java.vm.info" value="mixed mode, sharing"/>
    <property name="java.vendor" value="Oracle Corporation"/>
    <property name="java.vm.version" value="25.333-b02"/>
    <property name="java.ext.dirs" value="C:\Program Files (x86)\Java\jdk1.8.0_333\jre\lib\ext;C:\Windows\Sun\Java\lib\ext"/>
    <property name="sun.io.unicode.encoding" value="UnicodeLittle"/>
    <property name="java.class.version" value="52.0"/>
  </properties>
  <testcase name="optionalDoesNotReturnWhenMissing" classname="repositoryTests.UserRepositoryTest" time="0"/>
  <testcase name="shouldUpdateUserInfoProperly" classname="repositoryTests.UserRepositoryTest" time="0"/>
  <testcase name="shouldNotAllowDuplicateEntriesIntoDatabase" classname="repositoryTests.UserRepositoryTest" time="0.002"/>
  <testcase name="shouldGetCorrectUser" classname="repositoryTests.UserRepositoryTest" time="0.003"/>
  <testcase name="updateShouldThrowExceptionIfResourceDoesNotExist" classname="repositoryTests.UserRepositoryTest" time="0.003"/>
  <testcase name="shouldGetConnection" classname="repositoryTests.UserRepositoryTest" time="0.002"/>
  <testcase name="allEmployeesGotGot" classname="repositoryTests.UserRepositoryTest" time="0.008"/>
  <testcase name="shouldInsertUserToDatabase" classname="repositoryTests.UserRepositoryTest" time="0.003"/>
  <testcase name="shouldGetCorrectUserByID" classname="repositoryTests.UserRepositoryTest" time="0.003"/>
</testsuite>